d:\mgr\dw 6 sdk\src\release\dw 6 mod menu.pch
d:\mgr\dw 6 sdk\src\release\vc143.pdb
d:\mgr\dw 6 sdk\src\release\pch.obj
d:\mgr\dw 6 sdk\src\release\kiero.obj
d:\mgr\dw 6 sdk\src\release\keybind.obj
d:\mgr\dw 6 sdk\src\release\win32_impl.obj
d:\mgr\dw 6 sdk\src\release\shared.obj
d:\mgr\dw 6 sdk\src\release\imgui_widgets.obj
d:\mgr\dw 6 sdk\src\release\imgui_impl_win32.obj
d:\mgr\dw 6 sdk\src\release\imgui_impl_dx9.obj
d:\mgr\dw 6 sdk\src\release\imgui_draw.obj
d:\mgr\dw 6 sdk\src\release\imgui_demo.obj
d:\mgr\dw 6 sdk\src\release\imgui.obj
d:\mgr\dw 6 sdk\src\release\gui.obj
d:\mgr\dw 6 sdk\src\release\dllmain.obj
d:\mgr\dw 6 sdk\src\release\cheat.obj
d:\mgr\dw 6 sdk\src\release\trampoline.obj
d:\mgr\dw 6 sdk\src\release\hook.obj
d:\mgr\dw 6 sdk\src\release\hde64.obj
d:\mgr\dw 6 sdk\src\release\hde32.obj
d:\mgr\dw 6 sdk\src\release\buffer.obj
d:\mgr\dw 6 sdk\release\dw 6 mod menu.asi
d:\mgr\dw 6 sdk\release\dw 6 mod menu.pdb
d:\mgr\dw 6 sdk\src\release\dw 6 mod menu.tlog\cl.command.1.tlog
d:\mgr\dw 6 sdk\src\release\dw 6 mod menu.tlog\cl.items.tlog
d:\mgr\dw 6 sdk\src\release\dw 6 mod menu.tlog\cl.read.1.tlog
d:\mgr\dw 6 sdk\src\release\dw 6 mod menu.tlog\cl.write.1.tlog
d:\mgr\dw 6 sdk\src\release\dw 6 mod menu.tlog\link.command.1.tlog
d:\mgr\dw 6 sdk\src\release\dw 6 mod menu.tlog\link.read.1.tlog
d:\mgr\dw 6 sdk\src\release\dw 6 mod menu.tlog\link.write.1.tlog
