d:\mgr\froukmgrcheat new\src\release\mgrmodmenu.pch
d:\mgr\froukmgrcheat new\src\release\vc143.pdb
d:\mgr\froukmgrcheat new\src\release\pch.obj
d:\mgr\froukmgrcheat new\src\release\hw.obj
d:\mgr\froukmgrcheat new\src\release\entitysystem.obj
d:\mgr\froukmgrcheat new\src\release\entity.obj
d:\mgr\froukmgrcheat new\src\release\cvec4.obj
d:\mgr\froukmgrcheat new\src\release\cslowratemanager.obj
d:\mgr\froukmgrcheat new\src\release\cplayerinfomanager.obj
d:\mgr\froukmgrcheat new\src\release\common.obj
d:\mgr\froukmgrcheat new\src\release\collisionattackdata.obj
d:\mgr\froukmgrcheat new\src\release\cobj.obj
d:\mgr\froukmgrcheat new\src\release\charactercontrol.obj
d:\mgr\froukmgrcheat new\src\release\cgameuimanager.obj
d:\mgr\froukmgrcheat new\src\release\cespcontroler.obj
d:\mgr\froukmgrcheat new\src\release\ccameragame.obj
d:\mgr\froukmgrcheat new\src\release\behaviorappbase.obj
d:\mgr\froukmgrcheat new\src\release\behavior.obj
d:\mgr\froukmgrcheat new\src\release\battlesituationmanagerimplement.obj
d:\mgr\froukmgrcheat new\src\release\battleregionmanagerimplement.obj
d:\mgr\froukmgrcheat new\src\release\battleparametermanagerimplement.obj
d:\mgr\froukmgrcheat new\src\release\dllmain.obj
d:\mgr\froukmgrcheat new\src\release\cheat.obj
d:\mgr\froukmgrcheat new\src\release\behaviorembase.obj
d:\mgr\froukmgrcheat new\src\release\kiero.obj
d:\mgr\froukmgrcheat new\src\release\keybind.obj
d:\mgr\froukmgrcheat new\src\release\win32_impl.obj
d:\mgr\froukmgrcheat new\src\release\shared.obj
d:\mgr\froukmgrcheat new\src\release\imgui_widgets.obj
d:\mgr\froukmgrcheat new\src\release\imgui_impl_win32.obj
d:\mgr\froukmgrcheat new\src\release\imgui_impl_dx9.obj
d:\mgr\froukmgrcheat new\src\release\imgui_draw.obj
d:\mgr\froukmgrcheat new\src\release\imgui_demo.obj
d:\mgr\froukmgrcheat new\src\release\imgui.obj
d:\mgr\froukmgrcheat new\src\release\gui.obj
d:\mgr\froukmgrcheat new\src\release\trigger.obj
d:\mgr\froukmgrcheat new\src\release\targetmanagerimplement.obj
d:\mgr\froukmgrcheat new\src\release\situationmanagerimplement.obj
d:\mgr\froukmgrcheat new\src\release\scenemodelsystem.obj
d:\mgr\froukmgrcheat new\src\release\playermanagerimplement.obj
d:\mgr\froukmgrcheat new\src\release\pl0000.obj
d:\mgr\froukmgrcheat new\src\release\phasemanager.obj
d:\mgr\froukmgrcheat new\src\release\trampoline.obj
d:\mgr\froukmgrcheat new\src\release\hook.obj
d:\mgr\froukmgrcheat new\src\release\hde64.obj
d:\mgr\froukmgrcheat new\src\release\hde32.obj
d:\mgr\froukmgrcheat new\src\release\buffer.obj
d:\mgr\froukmgrcheat new\release\mgrmodmenu.pdb
d:\mgr\froukmgrcheat new\src\release\mgrmodmenu.tlog\cl.command.1.tlog
d:\mgr\froukmgrcheat new\src\release\mgrmodmenu.tlog\cl.items.tlog
d:\mgr\froukmgrcheat new\src\release\mgrmodmenu.tlog\cl.read.1.tlog
d:\mgr\froukmgrcheat new\src\release\mgrmodmenu.tlog\cl.write.1.tlog
d:\mgr\froukmgrcheat new\src\release\mgrmodmenu.tlog\link-cvtres.read.1.tlog
d:\mgr\froukmgrcheat new\src\release\mgrmodmenu.tlog\link-cvtres.write.1.tlog
d:\mgr\froukmgrcheat new\src\release\mgrmodmenu.tlog\link-rc.read.1.tlog
d:\mgr\froukmgrcheat new\src\release\mgrmodmenu.tlog\link-rc.write.1.tlog
d:\mgr\froukmgrcheat new\src\release\mgrmodmenu.tlog\link.command.1.tlog
d:\mgr\froukmgrcheat new\src\release\mgrmodmenu.tlog\link.read.1.tlog
d:\mgr\froukmgrcheat new\src\release\mgrmodmenu.tlog\link.write.1.tlog
